<?xml version="1.0" encoding="UTF-8"?>
<testsuite xmlns:xsi="http://www.w3.org/2001/XMLSchema-instance" xsi:noNamespaceSchemaLocation="https://maven.apache.org/surefire/maven-surefire-plugin/xsd/surefire-test-report.xsd" name="es.dados.services.ValorSrvTest" time="0.288" tests="1" errors="1" skipped="0" failures="0">
  <properties>
[...]
</properties>
  <testcase name="es.dados.services.ValorSrvTest" classname="es.dados.services.ValorSrvTest" time="0.287">
    <error message="Unable to find a @SpringBootConfiguration, you need to use @ContextConfiguration or @SpringBootTest(classes=...) with your test" type="java.lang.IllegalStateException">java.lang.IllegalStateException: Unable to find a @SpringBootConfiguration, you need to use @ContextConfiguration or @SpringBootTest(classes=...) with your test
</error>
    <system-out><![CDATA[22:13:25.938 [main] DEBUG org.springframework.test.context.BootstrapUtils - Instantiating CacheAwareContextLoaderDelegate from class [org.springframework.test.context.cache.DefaultCacheAwareContextLoaderDelegate]
22:13:25.951 [main] DEBUG org.springframework.test.context.BootstrapUtils - Instantiating BootstrapContext using constructor [public org.springframework.test.context.support.DefaultBootstrapContext(java.lang.Class,org.springframework.test.context.CacheAwareContextLoaderDelegate)]
22:13:25.995 [main] DEBUG org.springframework.test.context.BootstrapUtils - Instantiating TestContextBootstrapper for test class [es.dados.services.ValorSrvTest] from class [org.springframework.boot.test.context.SpringBootTestContextBootstrapper]
22:13:26.017 [main] INFO org.springframework.boot.test.context.SpringBootTestContextBootstrapper - Neither @ContextConfiguration nor @ContextHierarchy found for test class [es.dados.services.ValorSrvTest], using SpringBootContextLoader
22:13:26.022 [main] DEBUG org.springframework.test.context.support.AbstractContextLoader - Did not detect default resource location for test class [es.dados.services.ValorSrvTest]: class path resource [es/dados/services/ValorSrvTest-context.xml] does not exist
22:13:26.023 [main] DEBUG org.springframework.test.context.support.AbstractContextLoader - Did not detect default resource location for test class [es.dados.services.ValorSrvTest]: class path resource [es/dados/services/ValorSrvTestContext.groovy] does not exist
22:13:26.023 [main] INFO org.springframework.test.context.support.AbstractContextLoader - Could not detect default resource locations for test class [es.dados.services.ValorSrvTest]: no resource found for suffixes {-context.xml, Context.groovy}.
22:13:26.024 [main] INFO org.springframework.test.context.support.AnnotationConfigContextLoaderUtils - Could not detect default configuration classes for test class [es.dados.services.ValorSrvTest]: ValorSrvTest does not declare any static, non-private, non-final, nested classes annotated with @Configuration.
22:13:26.064 [main] DEBUG org.springframework.test.context.support.ActiveProfilesUtils - Could not find an 'annotation declaring class' for annotation type [org.springframework.test.context.ActiveProfiles] and class [es.dados.services.ValorSrvTest]
22:13:26.115 [main] DEBUG org.springframework.test.context.BootstrapUtils - Instantiating CacheAwareContextLoaderDelegate from class [org.springframework.test.context.cache.DefaultCacheAwareContextLoaderDelegate]
22:13:26.115 [main] DEBUG org.springframework.test.context.BootstrapUtils - Instantiating BootstrapContext using constructor [public org.springframework.test.context.support.DefaultBootstrapContext(java.lang.Class,org.springframework.test.context.CacheAwareContextLoaderDelegate)]
22:13:26.115 [main] DEBUG org.springframework.test.context.BootstrapUtils - Instantiating TestContextBootstrapper for test class [es.dados.services.ValorSrvTest] from class [org.springframework.boot.test.context.SpringBootTestContextBootstrapper]
22:13:26.116 [main] INFO org.springframework.boot.test.context.SpringBootTestContextBootstrapper - Neither @ContextConfiguration nor @ContextHierarchy found for test class [es.dados.services.ValorSrvTest], using SpringBootContextLoader
22:13:26.117 [main] DEBUG org.springframework.test.context.support.AbstractContextLoader - Did not detect default resource location for test class [es.dados.services.ValorSrvTest]: class path resource [es/dados/services/ValorSrvTest-context.xml] does not exist
22:13:26.118 [main] DEBUG org.springframework.test.context.support.AbstractContextLoader - Did not detect default resource location for test class [es.dados.services.ValorSrvTest]: class path resource [es/dados/services/ValorSrvTestContext.groovy] does not exist
22:13:26.118 [main] INFO org.springframework.test.context.support.AbstractContextLoader - Could not detect default resource locations for test class [es.dados.services.ValorSrvTest]: no resource found for suffixes {-context.xml, Context.groovy}.
22:13:26.118 [main] INFO org.springframework.test.context.support.AnnotationConfigContextLoaderUtils - Could not detect default configuration classes for test class [es.dados.services.ValorSrvTest]: ValorSrvTest does not declare any static, non-private, non-final, nested classes annotated with @Configuration.
22:13:26.120 [main] DEBUG org.springframework.test.context.support.ActiveProfilesUtils - Could not find an 'annotation declaring class' for annotation type [org.springframework.test.context.ActiveProfiles] and class [es.dados.services.ValorSrvTest]
22:13:26.127 [main] DEBUG org.springframework.test.context.BootstrapUtils - Instantiating CacheAwareContextLoaderDelegate from class [org.springframework.test.context.cache.DefaultCacheAwareContextLoaderDelegate]
22:13:26.129 [main] DEBUG org.springframework.test.context.BootstrapUtils - Instantiating BootstrapContext using constructor [public org.springframework.test.context.support.DefaultBootstrapContext(java.lang.Class,org.springframework.test.context.CacheAwareContextLoaderDelegate)]
22:13:26.130 [main] DEBUG org.springframework.test.context.BootstrapUtils - Instantiating TestContextBootstrapper for test class [es.dados.services.ValorSrvTest] from class [org.springframework.boot.test.context.SpringBootTestContextBootstrapper]
22:13:26.132 [main] INFO org.springframework.boot.test.context.SpringBootTestContextBootstrapper - Neither @ContextConfiguration nor @ContextHierarchy found for test class [es.dados.services.ValorSrvTest], using SpringBootContextLoader
22:13:26.134 [main] DEBUG org.springframework.test.context.support.AbstractContextLoader - Did not detect default resource location for test class [es.dados.services.ValorSrvTest]: class path resource [es/dados/services/ValorSrvTest-context.xml] does not exist
22:13:26.135 [main] DEBUG org.springframework.test.context.support.AbstractContextLoader - Did not detect default resource location for test class [es.dados.services.ValorSrvTest]: class path resource [es/dados/services/ValorSrvTestContext.groovy] does not exist
22:13:26.136 [main] INFO org.springframework.test.context.support.AbstractContextLoader - Could not detect default resource locations for test class [es.dados.services.ValorSrvTest]: no resource found for suffixes {-context.xml, Context.groovy}.
22:13:26.137 [main] INFO org.springframework.test.context.support.AnnotationConfigContextLoaderUtils - Could not detect default configuration classes for test class [es.dados.services.ValorSrvTest]: ValorSrvTest does not declare any static, non-private, non-final, nested classes annotated with @Configuration.
22:13:26.142 [main] DEBUG org.springframework.test.context.support.ActiveProfilesUtils - Could not find an 'annotation declaring class' for annotation type [org.springframework.test.context.ActiveProfiles] and class [es.dados.services.ValorSrvTest]
]]></system-out>
  </testcase>
</testsuite>